<?xml version="1.0" encoding="UTF-8"?>
<testsuite name="com.dbot.dmib.DailyMarketIntelBotApplicationTests" tests="1" skipped="0" failures="0" errors="0" timestamp="2026-02-19T09:17:25" hostname="DESKTOP-R858M7O" time="0.913">
  <properties/>
  <testcase name="contextLoads()" classname="com.dbot.dmib.DailyMarketIntelBotApplicationTests" time="0.913"/>
  <system-out><![CDATA[18:17:22.053 [Test worker] INFO org.springframework.test.context.support.AnnotationConfigContextLoaderUtils -- Could not detect default configuration classes for test class [com.dbot.dmib.DailyMarketIntelBotApplicationTests]: DailyMarketIntelBotApplicationTests does not declare any static, non-private, non-final, nested classes annotated with @Configuration.
18:17:22.179 [Test worker] INFO org.springframework.boot.test.context.SpringBootTestContextBootstrapper -- Found @SpringBootConfiguration com.dbot.dmib.DailyMarketIntelBotApplication for test class com.dbot.dmib.DailyMarketIntelBotApplicationTests
  .   ____          _            __ _ _
 /\\ / ___'_ __ _ _(_)_ __  __ _ \ \ \ \
( ( )\___ | '_ | '_| | '_ \/ _` | \ \ \ \
 \\/  ___)| |_)| | | | | || (_| |  ) ) ) )
  '  |____| .__|_| |_|_| |_\__, | / / / /
 =========|_|==============|___/=/_/_/_/

 :: Spring Boot ::                (v3.3.0)

2026-02-19T18:17:22.652+09:00  INFO 11128 --- [    Test worker] .d.d.DailyMarketIntelBotApplicationTests : Starting DailyMarketIntelBotApplicationTests using Java 21.0.2 with PID 11128 (started by user in D:\Toy_Project\daily-market-intel-bot)
2026-02-19T18:17:22.653+09:00  INFO 11128 --- [    Test worker] .d.d.DailyMarketIntelBotApplicationTests : The following 1 profile is active: "test"
2026-02-19T18:17:24.273+09:00  INFO 11128 --- [    Test worker] com.zaxxer.hikari.HikariDataSource       : HikariPool-1 - Starting...
2026-02-19T18:17:24.506+09:00  INFO 11128 --- [    Test worker] com.zaxxer.hikari.pool.HikariPool        : HikariPool-1 - Added connection conn0: url=jdbc:h2:mem:dmib user=SA
2026-02-19T18:17:24.507+09:00  INFO 11128 --- [    Test worker] com.zaxxer.hikari.HikariDataSource       : HikariPool-1 - Start completed.
2026-02-19T18:17:25.024+09:00  INFO 11128 --- [    Test worker] .d.d.DailyMarketIntelBotApplicationTests : Started DailyMarketIntelBotApplicationTests in 2.67 seconds (process running for 4.089)
]]></system-out>
  <system-err><![CDATA[WARNING: A Java agent has been loaded dynamically (C:\Users\user\.gradle\caches\modules-2\files-2.1\net.bytebuddy\byte-buddy-agent\1.14.16\4a451ee6484abac3a498df0f3b33ed00a6fced4d\byte-buddy-agent-1.14.16.jar)
WARNING: If a serviceability tool is in use, please run with -XX:+EnableDynamicAgentLoading to hide this warning
WARNING: If a serviceability tool is not in use, please run with -Djdk.instrument.traceUsage for more information
WARNING: Dynamic loading of agents will be disallowed by default in a future release
]]></system-err>
</testsuite>
